MPASM 5.72              MAIN_CALCULADORA.ASM   3-23-2017  8:12:03         PAGE  1


LOC  OBJECT CODE     LINE SOURCE TEXT
  VALUE

                      00001 ;calculadora
Warning[205]: Found directive in column 1. (LIST)
                      00002 LIST p = 16f887
                      00003 
                      00004     #include "p16f887.inc"
                      00001         LIST
                      00002 
                      00003 ;==========================================================================
                      00004 ; Build date : Jan 30 2017
                      00005 ;  MPASM PIC16F887 processor include
                      00006 ; 
                      00007 ;  (c) Copyright 1999-2017 Microchip Technology, All rights reserved
                      00008 ;==========================================================================
                      00009 
                      00810         LIST
                      00005 
                      00006     cblock  0x20
                      00007 ; declaracion de variables
  00000020            00008     cont1           ;variable usada para retardos
  00000021            00009     cont2           ;variable usada para retardos
  00000022            00010     cont3           ;variable usada para retardos
  00000023            00011     retardo         ;variable usada para retardos    
  00000024            00012     cont_seg        ;variable usada para retardos
  00000025            00013     pos_tabla       ;posicion de inicio de la tabla
  00000026            00014     ciclos_secuencia ;nuemro de ciclos por secuencia
  00000027            00015     num_secuencias  ;numero de secuencias
  00000028            00016     repeticiones    ;numero de veces que se repite la secuencia
  00000029            00017     valor_secuencia ;indica el retardo de la secuencia
  0000002A            00018     corrimientos    ;indica cuantos corrimientos se haran
  0000002B            00019     comprobaciones  ;variable usada para almacenar el resultado de verificacion
                      00020 
                      00021 
                      00022     endc
                      00023 
                      00024     org .0
0000   2???           00025     call osc_conf   ;configura el oscilador
0001   2???           00026     call port_conf  ;configura los puertos
                      00027     
0002                  00028 inicio:
                      00029     
0002                  00030 revisar:
0002   3000           00031     movlw   0x00
0003   0609           00032     xorwf   PORTE,w
0004   1903           00033     btfsc   STATUS,Z
0005   2???           00034     call    suma_calculadora
0006   3001           00035     movlw   0x01
0007   0609           00036     xorwf   PORTE,w
0008   1903           00037     btfsc   STATUS,Z
0009   2???           00038     call    resta_calculadora
000A   3002           00039     movlw   0x02
000B   0609           00040     xorwf   PORTE,w
000C   1903           00041     btfsc   STATUS,Z
000D   2???           00042     call    multiplicacion_calculadora
MPASM 5.72              MAIN_CALCULADORA.ASM   3-23-2017  8:12:03         PAGE  2


LOC  OBJECT CODE     LINE SOURCE TEXT
  VALUE

000E   3003           00043     movlw   0x03
000F   0609           00044     xorwf   PORTE,w
0010   1903           00045     btfsc   STATUS,Z
0011   2???           00046     call    op1
0012   3004           00047     movlw   0x04
0013   0609           00048     xorwf   PORTE,w
0014   1903           00049     btfsc   STATUS,Z
0015   2???           00050     call    op2
0016   3005           00051     movlw   0x05
0017   0609           00052     xorwf   PORTE,w
0018   1903           00053     btfsc   STATUS,Z
0019   2???           00054     call    op3
001A   3006           00055     movlw   0x06
001B   0609           00056     xorwf   PORTE,w
001C   1903           00057     btfsc   STATUS,Z
001D   2???           00058     call    op4
001E   3007           00059     movlw   0x07
001F   0609           00060     xorwf   PORTE,w
0020   1903           00061     btfsc   STATUS,Z
0021   2???           00062     call    op1
0022   2???           00063     goto    inicio
                      00064     
Warning[207]: Found label after column 1. (op1)
0023                  00065     op1:
0023   3000           00066     movlw   0x00
0024   0087           00067     movwf   PORTC
0025   0088           00068     movwf   PORTD
0026   0008           00069     return
Warning[207]: Found label after column 1. (op2)
0027                  00070     op2:
0027   300F           00071     movlw   0x0f
0028   0087           00072     movwf   PORTC
0029   0008           00073     return
Warning[207]: Found label after column 1. (op3)
002A                  00074     op3:
002A   30F0           00075     movlw   0xf0
002B   0087           00076     movwf   PORTC
002C   0008           00077     return
Warning[207]: Found label after column 1. (op4)
002D                  00078     op4:
002D   30FF           00079     movlw   0xff
002E   0087           00080     movwf   PORTC
002F   0008           00081     return
                      00082     
                      00083 
                      00084     #include "configuracion.inc"
                      00001 ;configuracion
                      00002     #include "p16F887.inc"
                      00811         LIST
                      00812 
                      00813 ;==========================================================================
                      00814 ; Build date : Jan 30 2017
                      00815 ;  MPASM PIC16F887 processor include
MPASM 5.72              MAIN_CALCULADORA.ASM   3-23-2017  8:12:03         PAGE  3


LOC  OBJECT CODE     LINE SOURCE TEXT
  VALUE

                      00816 ; 
                      00817 ;  (c) Copyright 1999-2017 Microchip Technology, All rights reserved
                      00818 ;==========================================================================
                      00819 
Message[310]: Superseding current maximum RAM and RAM map.
                      01620         LIST
                      00003 ;CONFIG1
                      00004     ; __config 0xE3F4
2007   23F4           00005      __CONFIG _CONFIG1, _FOSC_INTRC_NOCLKOUT & _WDTE_OFF & _PWRTE_OFF & _MCLRE_ON & _CP_OFF & _CPD_OFF &
                             _BOREN_ON & _IESO_OFF & _FCMEN_OFF & _LVP_OFF
                      00006     ; CONFIG2
                      00007     ; __config 0xFEFF
2008   3EFF           00008      __CONFIG _CONFIG2, _BOR4V_BOR21V & _WRT_OFF
                      00009     ;  __CONFIG _CONFIG2,        0xFEFF
                      00010 
0030                  00011 osc_conf:
0030   1683           00012     bsf STATUS,RP0
0031   1303           00013     bcf STATUS,RP1
0032   30F1           00014     movlw   0xf1    
0033   308F           00015     movlw   OSCCON
0034   1283 1303      00016     banksel PORTA
0036   0008           00017     return
                      00018 
0037                  00019 port_conf:
0037   1683 1303      00020     banksel TRISA
0039   30FF           00021     movlw b'11111111'
Message[302]: Register in operand not in bank 0.  Ensure that bank bits are correct.
003A   0085           00022     movwf TRISA
Message[302]: Register in operand not in bank 0.  Ensure that bank bits are correct.
003B   0086           00023     movwf TRISB
Message[302]: Register in operand not in bank 0.  Ensure that bank bits are correct.
003C   0187           00024     clrf  TRISC
Message[302]: Register in operand not in bank 0.  Ensure that bank bits are correct.
003D   0188           00025     clrf  TRISD
003E   300F           00026     movlw b'00001111'
Message[302]: Register in operand not in bank 0.  Ensure that bank bits are correct.
003F   0089           00027     movwf TRISE
0040   1703           00028     bsf   STATUS,RP1
Message[302]: Register in operand not in bank 0.  Ensure that bank bits are correct.
0041   0188           00029     clrf  ANSEL
Message[302]: Register in operand not in bank 0.  Ensure that bank bits are correct.
0042   0189           00030     clrf  ANSELH
                      00031 ;   leer y escribir de los puertos
0043   1283           00032     bcf STATUS,RP0
0044   1303           00033     bcf STATUS,RP1
                      00034 
0045   0008           00035     return
                      00036 
                      00037 
                      00038 
                      00039 
                      00085     #include "suma_calculadora.inc"
0046                  00001 suma_calculadora:
MPASM 5.72              MAIN_CALCULADORA.ASM   3-23-2017  8:12:03         PAGE  4


LOC  OBJECT CODE     LINE SOURCE TEXT
  VALUE

0046   3001           00002     movlw   0x01
0047   0087           00003     movwf   PORTC
0048   0008           00004     return
                      00005 
                      00006 
                      00086     #include "resta_calculadora.inc"
0049                  00001 resta_calculadora:
0049   3002           00002     movlw   0x02
004A   0087           00003     movwf   PORTC
004B   0008           00004     return
                      00005 
                      00006 
                      00087     #include "multiplicacion_calculadora.inc"
004C                  00001 multiplicacion_calculadora:
004C   3003           00002     movlw   0x03
004D   0087           00003     movwf   PORTC
004E   0008           00004     return
                      00005 
                      00006 
23F4 3EFF             00088     end
MPASM 5.72              MAIN_CALCULADORA.ASM   3-23-2017  8:12:03         PAGE  5


SYMBOL TABLE
  LABEL                             VALUE 

ABDEN                             00000000
ABDOVF                            00000007
ACKDT                             00000005
ACKEN                             00000004
ACKSTAT                           00000006
ADCON0                            0000001F
ADCON1                            0000009F
ADCS0                             00000006
ADCS1                             00000007
ADDEN                             00000003
ADFM                              00000007
ADIE                              00000006
ADIF                              00000006
ADON                              00000000
ADRESH                            0000001E
ADRESL                            0000009E
ANS0                              00000000
ANS1                              00000001
ANS10                             00000002
ANS11                             00000003
ANS12                             00000004
ANS13                             00000005
ANS2                              00000002
ANS3                              00000003
ANS4                              00000004
ANS5                              00000005
ANS6                              00000006
ANS7                              00000007
ANS8                              00000000
ANS9                              00000001
ANSEL                             00000188
ANSELH                            00000189
BAUDCTL                           00000187
BCLIE                             00000003
BCLIF                             00000003
BF                                00000000
BRG0                              00000000
BRG1                              00000001
BRG10                             00000002
BRG11                             00000003
BRG12                             00000004
BRG13                             00000005
BRG14                             00000006
BRG15                             00000007
BRG16                             00000003
BRG2                              00000002
BRG3                              00000003
BRG4                              00000004
BRG5                              00000005
BRG6                              00000006
BRG7                              00000007
BRG8                              00000000
BRG9                              00000001
MPASM 5.72              MAIN_CALCULADORA.ASM   3-23-2017  8:12:03         PAGE  6


SYMBOL TABLE
  LABEL                             VALUE 

BRGH                              00000002
C                                 00000000
C1CH0                             00000000
C1CH1                             00000001
C1IE                              00000005
C1IF                              00000005
C1OE                              00000005
C1ON                              00000007
C1OUT                             00000006
C1POL                             00000004
C1R                               00000002
C1RSEL                            00000005
C1SEN                             00000005
C2CH0                             00000000
C2CH1                             00000001
C2IE                              00000006
C2IF                              00000006
C2OE                              00000005
C2ON                              00000007
C2OUT                             00000006
C2POL                             00000004
C2R                               00000002
C2REN                             00000004
C2RSEL                            00000004
C2SYNC                            00000000
CCP1CON                           00000017
CCP1IE                            00000002
CCP1IF                            00000002
CCP1M0                            00000000
CCP1M1                            00000001
CCP1M2                            00000002
CCP1M3                            00000003
CCP1X                             00000005
CCP1Y                             00000004
CCP2CON                           0000001D
CCP2IE                            00000000
CCP2IF                            00000000
CCP2M0                            00000000
CCP2M1                            00000001
CCP2M2                            00000002
CCP2M3                            00000003
CCP2X                             00000005
CCP2Y                             00000004
CCPR1                             00000015
CCPR1H                            00000016
CCPR1L                            00000015
CCPR2                             0000001B
CCPR2H                            0000001C
CCPR2L                            0000001B
CHS0                              00000002
CHS1                              00000003
CHS2                              00000004
CHS3                              00000005
MPASM 5.72              MAIN_CALCULADORA.ASM   3-23-2017  8:12:03         PAGE  7


SYMBOL TABLE
  LABEL                             VALUE 

CKE                               00000006
CKP                               00000004
CM1CON0                           00000107
CM2CON0                           00000108
CM2CON1                           00000109
CREN                              00000004
CSRC                              00000007
D                                 00000005
DATA_ADDRESS                      00000005
DC                                00000001
DC1B0                             00000004
DC1B1                             00000005
DC2B0                             00000004
DC2B1                             00000005
D_A                               00000005
D_NOT_A                           00000005
ECCPAS                            0000009C
ECCPAS0                           00000004
ECCPAS1                           00000005
ECCPAS2                           00000006
ECCPASE                           00000007
EEADR                             0000010D
EEADRH                            0000010F
EECON1                            0000018C
EECON2                            0000018D
EEDAT                             0000010C
EEDATA                            0000010C
EEDATH                            0000010E
EEIE                              00000004
EEIF                              00000004
EEPGD                             00000007
F                                 00000001
FERR                              00000002
FSR                               00000004
FVREN                             00000000
GCEN                              00000007
GIE                               00000007
GO                                00000001
GO_DONE                           00000001
GO_NOT_DONE                       00000001
HTS                               00000002
I2C_DATA                          00000005
I2C_READ                          00000002
I2C_START                         00000003
I2C_STOP                          00000004
INDF                              00000000
INTCON                            0000000B
INTE                              00000004
INTEDG                            00000006
INTF                              00000001
IOCB                              00000096
IOCB0                             00000000
IOCB1                             00000001
MPASM 5.72              MAIN_CALCULADORA.ASM   3-23-2017  8:12:03         PAGE  8


SYMBOL TABLE
  LABEL                             VALUE 

IOCB2                             00000002
IOCB3                             00000003
IOCB4                             00000004
IOCB5                             00000005
IOCB6                             00000006
IOCB7                             00000007
IRCF0                             00000004
IRCF1                             00000005
IRCF2                             00000006
IRP                               00000007
LTS                               00000001
MC1OUT                            00000007
MC2OUT                            00000006
MSK                               00000093
MSK0                              00000000
MSK1                              00000001
MSK2                              00000002
MSK3                              00000003
MSK4                              00000004
MSK5                              00000005
MSK6                              00000006
MSK7                              00000007
NOT_A                             00000005
NOT_ADDRESS                       00000005
NOT_BO                            00000000
NOT_BOR                           00000000
NOT_DONE                          00000001
NOT_PD                            00000003
NOT_POR                           00000001
NOT_RBPU                          00000007
NOT_RC8                           00000006
NOT_T1SYNC                        00000002
NOT_TO                            00000004
NOT_TX8                           00000006
NOT_W                             00000002
NOT_WRITE                         00000002
OERR                              00000001
OPTION_REG                        00000081
OSCCON                            0000008F
OSCTUNE                           00000090
OSFIE                             00000007
OSFIF                             00000007
OSTS                              00000003
P                                 00000004
P1M0                              00000006
P1M1                              00000007
PCL                               00000002
PCLATH                            0000000A
PCON                              0000008E
PDC0                              00000000
PDC1                              00000001
PDC2                              00000002
PDC3                              00000003
MPASM 5.72              MAIN_CALCULADORA.ASM   3-23-2017  8:12:03         PAGE  9


SYMBOL TABLE
  LABEL                             VALUE 

PDC4                              00000004
PDC5                              00000005
PDC6                              00000006
PEIE                              00000006
PEN                               00000002
PIE1                              0000008C
PIE2                              0000008D
PIR1                              0000000C
PIR2                              0000000D
PORTA                             00000005
PORTB                             00000006
PORTC                             00000007
PORTD                             00000008
PORTE                             00000009
PR2                               00000092
PRSEN                             00000007
PS0                               00000000
PS1                               00000001
PS2                               00000002
PSA                               00000003
PSSAC0                            00000002
PSSAC1                            00000003
PSSBD0                            00000000
PSSBD1                            00000001
PSTRCON                           0000009D
PULSR                             00000002
PULSS                             00000003
PWM1CON                           0000009B
R                                 00000002
RA0                               00000000
RA1                               00000001
RA2                               00000002
RA3                               00000003
RA4                               00000004
RA5                               00000005
RA6                               00000006
RA7                               00000007
RB0                               00000000
RB1                               00000001
RB2                               00000002
RB3                               00000003
RB4                               00000004
RB5                               00000005
RB6                               00000006
RB7                               00000007
RBIE                              00000003
RBIF                              00000000
RC0                               00000000
RC1                               00000001
RC2                               00000002
RC3                               00000003
RC4                               00000004
RC5                               00000005
MPASM 5.72              MAIN_CALCULADORA.ASM   3-23-2017  8:12:03         PAGE 10


SYMBOL TABLE
  LABEL                             VALUE 

RC6                               00000006
RC7                               00000007
RC8_9                             00000006
RC9                               00000006
RCD8                              00000000
RCEN                              00000003
RCIDL                             00000006
RCIE                              00000005
RCIF                              00000005
RCREG                             0000001A
RCSTA                             00000018
RD                                00000000
RD0                               00000000
RD1                               00000001
RD2                               00000002
RD3                               00000003
RD4                               00000004
RD5                               00000005
RD6                               00000006
RD7                               00000007
RE0                               00000000
RE1                               00000001
RE2                               00000002
RE3                               00000003
READ_WRITE                        00000002
RP0                               00000005
RP1                               00000006
RSEN                              00000001
RX9                               00000006
RX9D                              00000000
R_NOT_W                           00000002
R_W                               00000002
S                                 00000003
SBOREN                            00000004
SCKP                              00000004
SCS                               00000000
SEN                               00000000
SENDB                             00000003
SMP                               00000007
SPBRG                             00000099
SPBRGH                            0000009A
SPEN                              00000007
SR0                               00000006
SR1                               00000007
SRCON                             00000185
SREN                              00000005
SSPADD                            00000093
SSPBUF                            00000013
SSPCON                            00000014
SSPCON2                           00000091
SSPEN                             00000005
SSPIE                             00000003
SSPIF                             00000003
MPASM 5.72              MAIN_CALCULADORA.ASM   3-23-2017  8:12:03         PAGE 11


SYMBOL TABLE
  LABEL                             VALUE 

SSPM0                             00000000
SSPM1                             00000001
SSPM2                             00000002
SSPM3                             00000003
SSPMSK                            00000093
SSPOV                             00000006
SSPSTAT                           00000094
STATUS                            00000003
STRA                              00000000
STRB                              00000001
STRC                              00000002
STRD                              00000003
STRSYNC                           00000004
SWDTEN                            00000000
SYNC                              00000004
T0CS                              00000005
T0IE                              00000005
T0IF                              00000002
T0SE                              00000004
T1CKPS0                           00000004
T1CKPS1                           00000005
T1CON                             00000010
T1GINV                            00000007
T1GIV                             00000007
T1GSS                             00000001
T1INSYNC                          00000002
T1OSCEN                           00000003
T1SYNC                            00000002
T2CKPS0                           00000000
T2CKPS1                           00000001
T2CON                             00000012
TMR0                              00000001
TMR0IE                            00000005
TMR0IF                            00000002
TMR1                              0000000E
TMR1CS                            00000001
TMR1GE                            00000006
TMR1H                             0000000F
TMR1IE                            00000000
TMR1IF                            00000000
TMR1L                             0000000E
TMR1ON                            00000000
TMR2                              00000011
TMR2IE                            00000001
TMR2IF                            00000001
TMR2ON                            00000002
TOUTPS0                           00000003
TOUTPS1                           00000004
TOUTPS2                           00000005
TOUTPS3                           00000006
TRISA                             00000085
TRISA0                            00000000
TRISA1                            00000001
MPASM 5.72              MAIN_CALCULADORA.ASM   3-23-2017  8:12:03         PAGE 12


SYMBOL TABLE
  LABEL                             VALUE 

TRISA2                            00000002
TRISA3                            00000003
TRISA4                            00000004
TRISA5                            00000005
TRISA6                            00000006
TRISA7                            00000007
TRISB                             00000086
TRISB0                            00000000
TRISB1                            00000001
TRISB2                            00000002
TRISB3                            00000003
TRISB4                            00000004
TRISB5                            00000005
TRISB6                            00000006
TRISB7                            00000007
TRISC                             00000087
TRISC0                            00000000
TRISC1                            00000001
TRISC2                            00000002
TRISC3                            00000003
TRISC4                            00000004
TRISC5                            00000005
TRISC6                            00000006
TRISC7                            00000007
TRISD                             00000088
TRISD0                            00000000
TRISD1                            00000001
TRISD2                            00000002
TRISD3                            00000003
TRISD4                            00000004
TRISD5                            00000005
TRISD6                            00000006
TRISD7                            00000007
TRISE                             00000089
TRISE0                            00000000
TRISE1                            00000001
TRISE2                            00000002
TRISE3                            00000003
TRMT                              00000001
TUN0                              00000000
TUN1                              00000001
TUN2                              00000002
TUN3                              00000003
TUN4                              00000004
TX8_9                             00000006
TX9                               00000006
TX9D                              00000000
TXD8                              00000000
TXEN                              00000005
TXIE                              00000004
TXIF                              00000004
TXREG                             00000019
TXSTA                             00000098
MPASM 5.72              MAIN_CALCULADORA.ASM   3-23-2017  8:12:03         PAGE 13


SYMBOL TABLE
  LABEL                             VALUE 

UA                                00000001
ULPWUE                            00000005
ULPWUIE                           00000002
ULPWUIF                           00000002
VCFG0                             00000004
VCFG1                             00000005
VR0                               00000000
VR1                               00000001
VR2                               00000002
VR3                               00000003
VRCON                             00000097
VREN                              00000007
VROE                              00000006
VRR                               00000005
VRSS                              00000004
W                                 00000000
WCOL                              00000007
WDTCON                            00000105
WDTPS0                            00000001
WDTPS1                            00000002
WDTPS2                            00000003
WDTPS3                            00000004
WPUB                              00000095
WPUB0                             00000000
WPUB1                             00000001
WPUB2                             00000002
WPUB3                             00000003
WPUB4                             00000004
WPUB5                             00000005
WPUB6                             00000006
WPUB7                             00000007
WR                                00000001
WREN                              00000002
WRERR                             00000003
WUE                               00000001
Z                                 00000002
_BOR21V                           00003EFF
_BOR40V                           00003FFF
_BOR4V_BOR21V                     00003EFF
_BOR4V_BOR40V                     00003FFF
_BOREN_NSLEEP                     00003EFF
_BOREN_OFF                        00003CFF
_BOREN_ON                         00003FFF
_BOREN_SBODEN                     00003DFF
_BOR_NSLEEP                       00003EFF
_BOR_OFF                          00003CFF
_BOR_ON                           00003FFF
_BOR_SBODEN                       00003DFF
_CONFIG1                          00002007
_CONFIG2                          00002008
_CPD_OFF                          00003FFF
_CPD_ON                           00003F7F
_CP_OFF                           00003FFF
MPASM 5.72              MAIN_CALCULADORA.ASM   3-23-2017  8:12:03         PAGE 14


SYMBOL TABLE
  LABEL                             VALUE 

_CP_ON                            00003FBF
_DEBUG_OFF                        00003FFF
_DEBUG_ON                         00001FFF
_DEVID1                           00002006
_EC_OSC                           00003FFB
_EXTRC                            00003FFF
_EXTRCIO                          00003FFE
_EXTRC_OSC_CLKOUT                 00003FFF
_EXTRC_OSC_NOCLKOUT               00003FFE
_FCMEN_OFF                        000037FF
_FCMEN_ON                         00003FFF
_FOSC_EC                          00003FFB
_FOSC_EXTRC_CLKOUT                00003FFF
_FOSC_EXTRC_NOCLKOUT              00003FFE
_FOSC_HS                          00003FFA
_FOSC_INTRC_CLKOUT                00003FFD
_FOSC_INTRC_NOCLKOUT              00003FFC
_FOSC_LP                          00003FF8
_FOSC_XT                          00003FF9
_HS_OSC                           00003FFA
_IDLOC0                           00002000
_IDLOC1                           00002001
_IDLOC2                           00002002
_IDLOC3                           00002003
_IESO_OFF                         00003BFF
_IESO_ON                          00003FFF
_INTOSC                           00003FFD
_INTOSCIO                         00003FFC
_INTRC_OSC_CLKOUT                 00003FFD
_INTRC_OSC_NOCLKOUT               00003FFC
_LP_OSC                           00003FF8
_LVP_OFF                          00002FFF
_LVP_ON                           00003FFF
_MCLRE_OFF                        00003FDF
_MCLRE_ON                         00003FFF
_PWRTE_OFF                        00003FFF
_PWRTE_ON                         00003FEF
_WDTE_OFF                         00003FF7
_WDTE_ON                          00003FFF
_WDT_OFF                          00003FF7
_WDT_ON                           00003FFF
_WRT_1FOURTH                      00003BFF
_WRT_256                          00003DFF
_WRT_HALF                         000039FF
_WRT_OFF                          00003FFF
_XT_OSC                           00003FF9
__16F887                          00000001
ciclos_secuencia                  00000026
comprobaciones                    0000002B
cont1                             00000020
cont2                             00000021
cont3                             00000022
cont_seg                          00000024
MPASM 5.72              MAIN_CALCULADORA.ASM   3-23-2017  8:12:03         PAGE 15


SYMBOL TABLE
  LABEL                             VALUE 

corrimientos                      0000002A
inicio                            00000002
multiplicacion_calculadora        0000004C
num_secuencias                    00000027
op1                               00000023
op2                               00000027
op3                               0000002A
op4                               0000002D
osc_conf                          00000030
port_conf                         00000037
pos_tabla                         00000025
repeticiones                      00000028
resta_calculadora                 00000049
retardo                           00000023
revisar                           00000002
suma_calculadora                  00000046
valor_secuencia                   00000029

Errors   :     0
Warnings :     5 reported,     0 suppressed
Messages :     8 reported,     0 suppressed

